<?xml version="1.0" encoding="UTF-8"?>
<testng-results skipped="0" failed="0" total="1" passed="1">
  <reporter-output>
  </reporter-output>
  <suite name="Surefire suite" duration-ms="19363" started-at="2017-12-05T07:43:51Z" finished-at="2017-12-05T07:44:11Z">
    <groups>
    </groups>
    <test name="Surefire test" duration-ms="19363" started-at="2017-12-05T07:43:51Z" finished-at="2017-12-05T07:44:11Z">
      <class name="example.NewTest">
        <test-method status="PASS" signature="beforeTest()[pri:0, instance:example.NewTest@1b40d5f0]" name="beforeTest" is-config="true" duration-ms="6043" started-at="2017-12-05T13:13:51Z" finished-at="2017-12-05T13:13:57Z">
          <reporter-output>
          </reporter-output>
        </test-method> <!-- beforeTest -->
        <test-method status="PASS" signature="f()[pri:0, instance:example.NewTest@1b40d5f0]" name="f" duration-ms="12903" started-at="2017-12-05T13:13:57Z" finished-at="2017-12-05T13:14:10Z">
          <reporter-output>
          </reporter-output>
        </test-method> <!-- f -->
        <test-method status="PASS" signature="afterTest()[pri:0, instance:example.NewTest@1b40d5f0]" name="afterTest" is-config="true" duration-ms="407" started-at="2017-12-05T13:14:10Z" finished-at="2017-12-05T13:14:11Z">
          <reporter-output>
          </reporter-output>
        </test-method> <!-- afterTest -->
      </class> <!-- example.NewTest -->
    </test> <!-- Surefire test -->
  </suite> <!-- Surefire suite -->
</testng-results>
