<?xml version="1.0" encoding="UTF-8"?>
<testsuite name="example.NewTest" time="6.296" tests="1" errors="0" skipped="0" failures="1">
  <properties>
[...]
</properties>
  <testcase name="f" classname="example.NewTest" time="6.296">
    <failure message="TypeError: this.curBrowser.contentBrowser is null&#10;Build info: version: &apos;3.4.0&apos;, revision: &apos;unknown&apos;, time: &apos;unknown&apos;&#10;System info: host: &apos;rle0468&apos;, ip: &apos;127.0.1.1&apos;, os.name: &apos;Linux&apos;, os.arch: &apos;amd64&apos;, os.version: &apos;4.4.0-98-generic&apos;, java.version: &apos;1.8.0_151&apos;&#10;Driver info: org.openqa.selenium.firefox.FirefoxDriver&#10;Capabilities [{moz:profile=/tmp/rust_mozprofile.ivyNUhipXlTA, rotatable=false, timeouts={implicit=0.0, pageLoad=300000.0, script=30000.0}, pageLoadStrategy=normal, moz:headless=false, platform=ANY, moz:accessibilityChecks=false, acceptInsecureCerts=true, browserVersion=57.0, platformVersion=4.4.0-98-generic, moz:processID=1204.0, browserName=firefox, javascriptEnabled=true, platformName=linux, moz:webdriverClick=false}]&#10;Session ID: 3b36d79f-0ddc-498c-bee8-564019598292" type="org.openqa.selenium.WebDriverException">org.openqa.selenium.WebDriverException: TypeError: this.curBrowser.contentBrowser is null
Build info: version: '3.4.0', revision: 'unknown', time: 'unknown'
System info: host: 'rle0468', ip: '127.0.1.1', os.name: 'Linux', os.arch: 'amd64', os.version: '4.4.0-98-generic', java.version: '1.8.0_151'
Driver info: org.openqa.selenium.firefox.FirefoxDriver
Capabilities [{moz:profile=/tmp/rust_mozprofile.ivyNUhipXlTA, rotatable=false, timeouts={implicit=0.0, pageLoad=300000.0, script=30000.0}, pageLoadStrategy=normal, moz:headless=false, platform=ANY, moz:accessibilityChecks=false, acceptInsecureCerts=true, browserVersion=57.0, platformVersion=4.4.0-98-generic, moz:processID=1204.0, browserName=firefox, javascriptEnabled=true, platformName=linux, moz:webdriverClick=false}]
Session ID: 3b36d79f-0ddc-498c-bee8-564019598292
	at sun.reflect.NativeConstructorAccessorImpl.newInstance0(Native Method)
	at sun.reflect.NativeConstructorAccessorImpl.newInstance(NativeConstructorAccessorImpl.java:62)
	at sun.reflect.DelegatingConstructorAccessorImpl.newInstance(DelegatingConstructorAccessorImpl.java:45)
	at java.lang.reflect.Constructor.newInstance(Constructor.java:423)
	at org.openqa.selenium.remote.http.W3CHttpResponseCodec.createException(W3CHttpResponseCodec.java:150)
	at org.openqa.selenium.remote.http.W3CHttpResponseCodec.decode(W3CHttpResponseCodec.java:115)
	at org.openqa.selenium.remote.http.W3CHttpResponseCodec.decode(W3CHttpResponseCodec.java:45)
	at org.openqa.selenium.remote.HttpCommandExecutor.execute(HttpCommandExecutor.java:164)
	at org.openqa.selenium.remote.service.DriverCommandExecutor.execute(DriverCommandExecutor.java:82)
	at org.openqa.selenium.remote.RemoteWebDriver.execute(RemoteWebDriver.java:637)
	at org.openqa.selenium.remote.RemoteWebDriver.get(RemoteWebDriver.java:364)
	at example.NewTest.f(NewTest.java:24)
</failure>
    <system-out><![CDATA[Configuring TestNG with: TestNG652Configurator
Debug 2
Debug 3
]]></system-out>
    <system-err><![CDATA[1512474315949	geckodriver	INFO	geckodriver 0.19.1
1512474315956	geckodriver	INFO	Listening on 127.0.0.1:6023
1512474316502	mozrunner::runner	INFO	Running command: "/opt/firefox/firefox-bin" "-marionette" "-profile" "/tmp/rust_mozprofile.ivyNUhipXlTA"
1512474317915	Marionette	INFO	Enabled via --marionette
1512474330021	Marionette	INFO	Listening on port 36773
1512474330397	Marionette	WARN	TLS certificate errors will be ignored for this session
1512474330475	Marionette	DEBUG	Register listener.js for window 2147483649
Dec 05, 2017 5:15:31 PM org.openqa.selenium.remote.ProtocolHandshake createSession
INFO: Detected dialect: W3C
1512474334735	Marionette	DEBUG	Received DOM event "beforeunload" for "about:blank"
1512474340752	Marionette	DEBUG	Received DOM event "beforeunload" for "about:blank"
1512474340811	Marionette	DEBUG	Received DOM event "pagehide" for "about:blank"
1512474340813	Marionette	DEBUG	Received DOM event "unload" for "about:blank"
1512474340814	Marionette	DEBUG	Received observer notification "outer-window-destroyed" for "2147483649"
Marionette threw an error: TypeError: this.curBrowser.contentBrowser is null
GeckoDriver.prototype.get@chrome://marionette/content/driver.js:1123:3

]]></system-err>
  </testcase>
</testsuite>