<?xml version="1.0" encoding="UTF-8"?>
<testng-results skipped="0" failed="0" total="1" passed="1">
  <reporter-output>
  </reporter-output>
  <suite name="Surefire suite" duration-ms="25467" started-at="2017-12-05T10:22:20Z" finished-at="2017-12-05T10:22:46Z">
    <groups>
    </groups>
    <test name="Surefire test" duration-ms="25467" started-at="2017-12-05T10:22:20Z" finished-at="2017-12-05T10:22:46Z">
      <class name="example.NewTest">
        <test-method status="PASS" signature="beforeTest()[pri:0, instance:example.NewTest@6a5fc7f7]" name="beforeTest" is-config="true" duration-ms="10524" started-at="2017-12-05T15:52:20Z" finished-at="2017-12-05T15:52:31Z">
          <reporter-output>
          </reporter-output>
        </test-method> <!-- beforeTest -->
        <test-method status="PASS" signature="f()[pri:0, instance:example.NewTest@6a5fc7f7]" name="f" duration-ms="12887" started-at="2017-12-05T15:52:31Z" finished-at="2017-12-05T15:52:44Z">
          <reporter-output>
          </reporter-output>
        </test-method> <!-- f -->
        <test-method status="PASS" signature="afterTest()[pri:0, instance:example.NewTest@6a5fc7f7]" name="afterTest" is-config="true" duration-ms="2046" started-at="2017-12-05T15:52:44Z" finished-at="2017-12-05T15:52:46Z">
          <reporter-output>
          </reporter-output>
        </test-method> <!-- afterTest -->
      </class> <!-- example.NewTest -->
    </test> <!-- Surefire test -->
  </suite> <!-- Surefire suite -->
</testng-results>
